<?xml version="1.0" encoding="UTF-8"?>
<!-- Generated by org.testng.reporters.JUnitReportReporter -->
<testsuite hostname="LAPTOP-MJEFM3BB" failures="0" tests="8" name="vehuelFinalAct.ProductList" time="23.543" errors="0" timestamp="2025-04-08T08:22:39 PST" skipped="0">
  <testcase classname="vehuelFinalAct.ProductList" name="getProducList" time="2.875"/>
  <testcase classname="vehuelFinalAct.ProductList" name="ProductListDetailsDisplayed" time="2.911"/>
  <testcase classname="vehuelFinalAct.ProductList" name="SortingByPriceAscending" time="2.966"/>
  <testcase classname="vehuelFinalAct.ProductList" name="SortingByNameDescending" time="2.996"/>
  <testcase classname="vehuelFinalAct.ProductList" name="SortingByNameAscending" time="2.840"/>
  <testcase classname="vehuelFinalAct.ProductList" name="getProductPage" time="2.891"/>
  <testcase classname="vehuelFinalAct.ProductList" name="SortingByPriceDescending" time="2.822"/>
  <testcase classname="vehuelFinalAct.ProductList" name="AddToCartButton" time="3.242"/>
</testsuite> <!-- vehuelFinalAct.ProductList -->
