<?xml version="1.0" encoding="UTF-8"?>
<!-- Generated by org.testng.reporters.JUnitReportReporter -->
<testsuite hostname="LAPTOP-MJEFM3BB" failures="0" tests="5" name="vehuelFinalAct.CartPageFunctionality" time="40.294" errors="0" timestamp="2025-03-27T10:48:36 PST" skipped="0">
  <testcase classname="vehuelFinalAct.CartPageFunctionality" name="getCartPage" time="6.353"/>
  <testcase classname="vehuelFinalAct.CartPageFunctionality" name="CartCountUpdatesForSingleItem" time="8.664"/>
  <testcase classname="vehuelFinalAct.CartPageFunctionality" name="CartCountUpdatesForMultipleItems" time="7.425"/>
  <testcase classname="vehuelFinalAct.CartPageFunctionality" name="HamburgerMenuDisplays" time="7.694"/>
  <testcase classname="vehuelFinalAct.CartPageFunctionality" name="SidebarOpenAndCloses" time="10.158"/>
</testsuite> <!-- vehuelFinalAct.CartPageFunctionality -->
