<?xml version="1.0" encoding="UTF-8"?>
<!-- Generated by org.testng.reporters.JUnitReportReporter -->
<testsuite hostname="LAPTOP-MJEFM3BB" failures="0" tests="5" name="vehuelFinalAct.CartIconFunctionality" time="29.748" errors="0" timestamp="2025-04-08T08:22:39 PST" skipped="0">
  <testcase classname="vehuelFinalAct.CartIconFunctionality" name="getCartPage" time="5.078"/>
  <testcase classname="vehuelFinalAct.CartIconFunctionality" name="CartCountUpdatesForSingleItem" time="4.899"/>
  <testcase classname="vehuelFinalAct.CartIconFunctionality" name="CartCountUpdatesForMultipleItems" time="5.926"/>
  <testcase classname="vehuelFinalAct.CartIconFunctionality" name="HamburgerMenuDisplays" time="5.384"/>
  <testcase classname="vehuelFinalAct.CartIconFunctionality" name="SidebarOpenAndCloses" time="8.461"/>
</testsuite> <!-- vehuelFinalAct.CartIconFunctionality -->
