<?xml version="1.0" encoding="UTF-8"?>
<!-- Generated by org.testng.reporters.JUnitReportReporter -->
<testsuite hostname="LAPTOP-MJEFM3BB" failures="0" tests="5" name="vehuelFinalAct.CheckoutOverview" time="18.492" errors="0" timestamp="2025-04-08T08:22:39 PST" skipped="0">
  <testcase classname="vehuelFinalAct.CheckoutOverview" name="accessOverviewPage" time="3.305"/>
  <testcase classname="vehuelFinalAct.CheckoutOverview" name="verifyCheckoutOverviewDetails" time="3.296"/>
  <testcase classname="vehuelFinalAct.CheckoutOverview" name="verifyCancelButtonRedirectsToProductListing" time="3.351"/>
  <testcase classname="vehuelFinalAct.CheckoutOverview" name="ItemsDetailedDisplayedInCartPage" time="5.284"/>
  <testcase classname="vehuelFinalAct.CheckoutOverview" name="verifyTotalPriceCalculation" time="3.256"/>
</testsuite> <!-- vehuelFinalAct.CheckoutOverview -->
