<?xml version="1.0" encoding="UTF-8"?>
<!-- Generated by org.testng.reporters.JUnitReportReporter -->
<testsuite hostname="LAPTOP-MJEFM3BB" failures="0" tests="11" name="vehuelFinalAct.CheckoutProcess" time="38.064" errors="0" timestamp="2025-04-08T08:22:39 PST" skipped="0">
  <testcase classname="vehuelFinalAct.CheckoutProcess" name="verifyCheckoutInformationPage" time="5.053"/>
  <testcase classname="vehuelFinalAct.CheckoutProcess" name="verifyCheckoutInformation" time="4.976"/>
  <testcase classname="vehuelFinalAct.CheckoutProcess" name="verifyCancelButtonClicked" time="3.083"/>
  <testcase classname="vehuelFinalAct.CheckoutProcess" name="verifyCheckoutWithBlankFields" time="2.910"/>
  <testcase classname="vehuelFinalAct.CheckoutProcess" name="missingUsername" time="3.105"/>
  <testcase classname="vehuelFinalAct.CheckoutProcess" name="missingPassword" time="3.282"/>
  <testcase classname="vehuelFinalAct.CheckoutProcess" name="missingZipCode" time="3.278"/>
  <testcase classname="vehuelFinalAct.CheckoutProcess" name="onlyUsernameFilled" time="3.014"/>
  <testcase classname="vehuelFinalAct.CheckoutProcess" name="onlyPasswordFilled" time="3.195"/>
  <testcase classname="vehuelFinalAct.CheckoutProcess" name="onlyZipCodeFilled" time="3.058"/>
  <testcase classname="vehuelFinalAct.CheckoutProcess" name="allFieldsFilled" time="3.110"/>
</testsuite> <!-- vehuelFinalAct.CheckoutProcess -->
