<?xml version="1.0" encoding="UTF-8"?>
<!-- Generated by org.testng.reporters.JUnitReportReporter -->
<testsuite hostname="LAPTOP-MJEFM3BB" failures="0" tests="7" name="vehuelFinalAct.LoginPage" time="19.902" errors="0" timestamp="2025-04-08T08:22:39 PST" skipped="0">
  <testcase classname="vehuelFinalAct.LoginPage" name="incorrectUsername" time="2.898"/>
  <testcase classname="vehuelFinalAct.LoginPage" name="missingPassword" time="2.824"/>
  <testcase classname="vehuelFinalAct.LoginPage" name="displayedLogin" time="2.737"/>
  <testcase classname="vehuelFinalAct.LoginPage" name="missingUsername" time="2.827"/>
  <testcase classname="vehuelFinalAct.LoginPage" name="successLogin" time="2.907"/>
  <testcase classname="vehuelFinalAct.LoginPage" name="lockedAccount" time="2.766"/>
  <testcase classname="vehuelFinalAct.LoginPage" name="incorrectPassword" time="2.943"/>
</testsuite> <!-- vehuelFinalAct.LoginPage -->
