<?xml version="1.0" encoding="UTF-8"?>
<!-- Generated by org.testng.reporters.JUnitReportReporter -->
<testsuite hostname="LAPTOP-MJEFM3BB" failures="0" tests="5" name="vehuelFinalAct.ProductDetails" time="35.067" errors="0" timestamp="2025-04-08T08:22:39 PST" skipped="0">
  <testcase classname="vehuelFinalAct.ProductDetails" name="goToProductDetailsPage" time="2.892"/>
  <testcase classname="vehuelFinalAct.ProductDetails" name="verifyAllRequiredProductDetails" time="3.049"/>
  <testcase classname="vehuelFinalAct.ProductDetails" name="verifyRemoveButtonWhenItemInCart" time="2.986"/>
  <testcase classname="vehuelFinalAct.ProductDetails" name="verifyRemoveButtonFunctionality" time="13.076"/>
  <testcase classname="vehuelFinalAct.ProductDetails" name="verifyAddToCartButtonFunctionality" time="13.064"/>
</testsuite> <!-- vehuelFinalAct.ProductDetails -->
