<?xml version="1.0" encoding="UTF-8"?>
<!-- Generated by org.testng.reporters.JUnitReportReporter -->
<testsuite hostname="LAPTOP-MJEFM3BB" failures="0" tests="4" name="vehuelFinalAct.OrderCompletion" time="14.088" errors="0" timestamp="2025-04-08T08:22:39 PST" skipped="0">
  <testcase classname="vehuelFinalAct.OrderCompletion" name="verifyFinishButton" time="3.440"/>
  <testcase classname="vehuelFinalAct.OrderCompletion" name="verifyProceedToCheckoutCompletePage" time="3.275"/>
  <testcase classname="vehuelFinalAct.OrderCompletion" name="verifyRequiredDetailsOnCheckoutCompletePage" time="3.242"/>
  <testcase classname="vehuelFinalAct.OrderCompletion" name="verifyBackHomeButton" time="4.131"/>
</testsuite> <!-- vehuelFinalAct.OrderCompletion -->
