<?xml version="1.0" encoding="UTF-8"?>
<!-- Generated by org.testng.reporters.JUnitReportReporter -->
<testsuite hostname="LAPTOP-MJEFM3BB" failures="0" tests="9" name="vehuelFinalAct.CartPageVerification" time="113.319" errors="0" timestamp="2025-04-08T08:22:39 PST" skipped="0">
  <testcase classname="vehuelFinalAct.CartPageVerification" name="accessCartPage" time="4.888"/>
  <testcase classname="vehuelFinalAct.CartPageVerification" name="ItemsDetailedDisplayedInCartPage" time="5.033"/>
  <testcase classname="vehuelFinalAct.CartPageVerification" name="verifyContinueShopping" time="5.545"/>
  <testcase classname="vehuelFinalAct.CartPageVerification" name="verifyProductDisplayInCart" time="4.811"/>
  <testcase classname="vehuelFinalAct.CartPageVerification" name="verifyMultipleProductDisplayInCart" time="6.053"/>
  <testcase classname="vehuelFinalAct.CartPageVerification" name="verifyAllProductDetailsDisplayInCart" time="4.876"/>
  <testcase classname="vehuelFinalAct.CartPageVerification" name="removeItemFromCartPage" time="25.101"/>
  <testcase classname="vehuelFinalAct.CartPageVerification" name="removeMultipleItemsFromCartPage" time="53.478"/>
  <testcase classname="vehuelFinalAct.CartPageVerification" name="itemsPersistInCartAfterReLogging" time="3.534"/>
</testsuite> <!-- vehuelFinalAct.CartPageVerification -->
